<?xml version="1.0" encoding="UTF-8"?>
<!-- Generated by org.testng.reporters.JUnitReportReporter -->
<testsuite hostname="DESKTOP-E1C1HQG" failures="0" tests="1" name="com.medblaze.qualitymanagement.audits.tests.Login" time="7.364" errors="0" timestamp="2023-09-04T16:19:41 IST" skipped="0">
  <testcase classname="com.medblaze.qualitymanagement.audits.tests.Login" name="test" time="7.364"/>
  <system-out/>
</testsuite> <!-- com.medblaze.qualitymanagement.audits.tests.Login -->
