<?xml version="1.0" encoding="UTF-8"?>
<!-- Generated by org.testng.reporters.JUnitReportReporter -->
<testsuite hostname="DESKTOP-E1C1HQG" failures="0" tests="2" name="com.medblaze.qualitymanagement.audits.tests.TestCasesExecution" time="117.774" errors="0" timestamp="2023-10-03T18:37:45 IST" skipped="0">
  <testcase classname="com.medblaze.qualitymanagement.audits.tests.TestCasesExecution" name="LogintoApplication" time="4.241"/>
  <system-out/>
  <testcase classname="com.medblaze.qualitymanagement.audits.tests.TestCasesExecution" name="textFieldTestingtwo" time="113.533"/>
  <system-out/>
</testsuite> <!-- com.medblaze.qualitymanagement.audits.tests.TestCasesExecution -->
